cw-omnibus-master/Animation/ThreePane/app/build/outputs/logs/manifest-merger-debug-report.txt
-- Merging decision tree log ---
manifest
ADDED from src\main\AndroidManifest.xml:1:1-25:12
	package
		ADDED from src\main\AndroidManifest.xml:2:2-50
	android:versionName
		ADDED from src\main\AndroidManifest.xml:4:2-27
		INJECTED from src\main\AndroidManifest.xml
		INJECTED from src\main\AndroidManifest.xml
	android:versionCode
		ADDED from src\main\AndroidManifest.xml:3:2-25
		INJECTED from src\main\AndroidManifest.xml
		INJECTED from src\main\AndroidManifest.xml
	xmlns:android
		ADDED from src\main\AndroidManifest.xml:1:11-69
uses-sdk
ADDED from src\main\AndroidManifest.xml:6:2-8:34
	android:targetSdkVersion
		ADDED from src\main\AndroidManifest.xml:8:3-32
	android:minSdkVersion
		ADDED from src\main\AndroidManifest.xml:7:3-29
supports-screens
ADDED from src\main\AndroidManifest.xml:9:2-137
	android:largeScreens
		ADDED from src\main\AndroidManifest.xml:9:79-106
	android:smallScreens
		ADDED from src\main\AndroidManifest.xml:9:107-135
	android:normalScreens
		ADDED from src\main\AndroidManifest.xml:9:20-49
	android:xlargeScreens
		ADDED from src\main\AndroidManifest.xml:9:50-78
application
ADDED from src\main\AndroidManifest.xml:11:2-23:16
	android:label
		ADDED from src\main\AndroidManifest.xml:13:3-35
	android:icon
		ADDED from src\main\AndroidManifest.xml:12:3-39
	android:theme
		ADDED from src\main\AndroidManifest.xml:14:3-34
activity#com.commonsware.android.anim.threepane.MainActivity
ADDED from src\main\AndroidManifest.xml:15:3-22:14
	android:name
		ADDED from src\main\AndroidManifest.xml:16:4-32
intent-filter#android.intent.action.MAIN+android.intent.category.LAUNCHER
ADDED from src\main\AndroidManifest.xml:17:4-21:20
action#android.intent.action.MAIN
ADDED from src\main\AndroidManifest.xml:18:5-56
	android:name
		ADDED from src\main\AndroidManifest.xml:18:13-54
category#android.intent.category.LAUNCHER
ADDED from src\main\AndroidManifest.xml:20:5-64
	android:name
		ADDED from src\main\AndroidManifest.xml:20:15-62